2020-03-26 14:33:22.980  INFO 16936 --- [main] com.epam.RestApplication                 : Starting RestApplication on EPHUBUDW0077 with PID 16936 (started by Ibrahim_Soliman in C:\Users\Ibrahim_Soliman\Downloads\New folder\Employee)
2020-03-26 14:33:22.980  INFO 16936 --- [main] com.epam.RestApplication                 : No active profile set, falling back to default profiles: default
2020-03-26 14:33:23.495  INFO 16936 --- [main] .s.d.r.c.RepositoryConfigurationDelegate : Bootstrapping Spring Data JPA repositories in DEFAULT mode.
2020-03-26 14:33:23.542  INFO 16936 --- [main] .s.d.r.c.RepositoryConfigurationDelegate : Finished Spring Data repository scanning in 46ms. Found 3 JPA repository interfaces.
2020-03-26 14:33:24.008  INFO 16936 --- [main] o.s.b.w.embedded.tomcat.TomcatWebServer  : Tomcat initialized with port(s): 8080 (http)
2020-03-26 14:33:24.016  INFO 16936 --- [main] o.apache.catalina.core.StandardService   : Starting service [Tomcat]
2020-03-26 14:33:24.016  INFO 16936 --- [main] org.apache.catalina.core.StandardEngine  : Starting Servlet engine: [Apache Tomcat/9.0.31]
2020-03-26 14:33:24.169  INFO 16936 --- [main] o.a.c.c.C.[Tomcat].[localhost].[/]       : Initializing Spring embedded WebApplicationContext
2020-03-26 14:33:24.170  INFO 16936 --- [main] o.s.web.context.ContextLoader            : Root WebApplicationContext: initialization completed in 1159 ms
2020-03-26 14:33:24.553  INFO 16936 --- [main] com.zaxxer.hikari.HikariDataSource       : HikariPool-1 - Starting...
2020-03-26 14:33:24.623  INFO 16936 --- [main] com.zaxxer.hikari.HikariDataSource       : HikariPool-1 - Start completed.
2020-03-26 14:33:25.229  INFO 16936 --- [main] j.LocalContainerEntityManagerFactoryBean : Initialized JPA EntityManagerFactory for persistence unit 'default'
2020-03-26 14:33:25.510  WARN 16936 --- [main] JpaBaseConfiguration$JpaWebConfiguration : spring.jpa.open-in-view is enabled by default. Therefore, database queries may be performed during view rendering. Explicitly configure spring.jpa.open-in-view to disable this warning
2020-03-26 14:33:25.605  INFO 16936 --- [main] o.s.b.a.e.web.EndpointLinksResolver      : Exposing 2 endpoint(s) beneath base path '/actuator'
2020-03-26 14:33:25.651  INFO 16936 --- [main] pertySourcedRequestMappingHandlerMapping : Mapped URL path [/v2/api-docs] onto method [springfox.documentation.swagger2.web.Swagger2Controller#getDocumentation(String, HttpServletRequest)]
2020-03-26 14:33:25.713  INFO 16936 --- [main] o.s.s.concurrent.ThreadPoolTaskExecutor  : Initializing ExecutorService 'applicationTaskExecutor'
2020-03-26 14:33:25.832  INFO 16936 --- [main] d.s.w.p.DocumentationPluginsBootstrapper : Context refreshed
2020-03-26 14:33:25.841  INFO 16936 --- [main] d.s.w.p.DocumentationPluginsBootstrapper : Found 1 custom documentation plugin(s)
2020-03-26 14:33:25.853  INFO 16936 --- [main] s.d.s.w.s.ApiListingReferenceScanner     : Scanning for api listing references
2020-03-26 14:33:25.923  INFO 16936 --- [main] .d.s.w.r.o.CachingOperationNameGenerator : Generating unique operation named: handleUsingGET_1
2020-03-26 14:33:25.925  INFO 16936 --- [main] .d.s.w.r.o.CachingOperationNameGenerator : Generating unique operation named: handleUsingGET_2
2020-03-26 14:33:25.937  INFO 16936 --- [main] o.s.b.w.embedded.tomcat.TomcatWebServer  : Tomcat started on port(s): 8080 (http) with context path ''
2020-03-26 14:33:25.953  INFO 16936 --- [main] com.epam.RestApplication                 : Started RestApplication in 3.157 seconds (JVM running for 3.912)
2020-03-26 14:33:26.323  INFO 16936 --- [RMI TCP Connection(3)-10.0.20.81] o.a.c.c.C.[Tomcat].[localhost].[/]       : Initializing Spring DispatcherServlet 'dispatcherServlet'
2020-03-26 14:33:26.323  INFO 16936 --- [RMI TCP Connection(3)-10.0.20.81] o.s.web.servlet.DispatcherServlet        : Initializing Servlet 'dispatcherServlet'
2020-03-26 14:33:26.323  INFO 16936 --- [RMI TCP Connection(3)-10.0.20.81] o.s.web.servlet.DispatcherServlet        : Completed initialization in 0 ms
