2020-03-26 14:32:00.432  INFO 6392 --- [main] c.e.e.e.rest.RestApplicationTests        : Starting RestApplicationTests on EPHUBUDW0077 with PID 6392 (started by Ibrahim_Soliman in C:\Users\Ibrahim_Soliman\Downloads\New folder\Employee\rest)
2020-03-26 14:32:00.432  INFO 6392 --- [main] c.e.e.e.rest.RestApplicationTests        : No active profile set, falling back to default profiles: default
2020-03-26 14:32:01.057  INFO 6392 --- [main] .s.d.r.c.RepositoryConfigurationDelegate : Bootstrapping Spring Data JPA repositories in DEFAULT mode.
2020-03-26 14:32:01.100  INFO 6392 --- [main] .s.d.r.c.RepositoryConfigurationDelegate : Finished Spring Data repository scanning in 36ms. Found 3 JPA repository interfaces.
2020-03-26 14:32:02.058  INFO 6392 --- [main] com.zaxxer.hikari.HikariDataSource       : HikariPool-1 - Starting...
2020-03-26 14:32:02.151  INFO 6392 --- [main] com.zaxxer.hikari.HikariDataSource       : HikariPool-1 - Start completed.
2020-03-26 14:32:02.829  INFO 6392 --- [main] j.LocalContainerEntityManagerFactoryBean : Initialized JPA EntityManagerFactory for persistence unit 'default'
2020-03-26 14:32:03.323  WARN 6392 --- [main] JpaBaseConfiguration$JpaWebConfiguration : spring.jpa.open-in-view is enabled by default. Therefore, database queries may be performed during view rendering. Explicitly configure spring.jpa.open-in-view to disable this warning
2020-03-26 14:32:03.636  INFO 6392 --- [main] o.s.b.a.e.web.EndpointLinksResolver      : Exposing 2 endpoint(s) beneath base path '/actuator'
2020-03-26 14:32:03.764  INFO 6392 --- [main] pertySourcedRequestMappingHandlerMapping : Mapped URL path [/v2/api-docs] onto method [springfox.documentation.swagger2.web.Swagger2Controller#getDocumentation(String, HttpServletRequest)]
2020-03-26 14:32:03.997  INFO 6392 --- [main] o.s.s.concurrent.ThreadPoolTaskExecutor  : Initializing ExecutorService 'applicationTaskExecutor'
2020-03-26 14:32:04.229  INFO 6392 --- [main] d.s.w.p.DocumentationPluginsBootstrapper : Context refreshed
2020-03-26 14:32:04.245  INFO 6392 --- [main] d.s.w.p.DocumentationPluginsBootstrapper : Found 1 custom documentation plugin(s)
2020-03-26 14:32:04.262  INFO 6392 --- [main] s.d.s.w.s.ApiListingReferenceScanner     : Scanning for api listing references
2020-03-26 14:32:04.372  INFO 6392 --- [main] .d.s.w.r.o.CachingOperationNameGenerator : Generating unique operation named: handleUsingGET_1
2020-03-26 14:32:04.373  INFO 6392 --- [main] .d.s.w.r.o.CachingOperationNameGenerator : Generating unique operation named: handleUsingGET_2
2020-03-26 14:32:04.399  INFO 6392 --- [main] c.e.e.e.rest.RestApplicationTests        : Started RestApplicationTests in 4.155 seconds (JVM running for 4.884)
2020-03-26 14:32:04.568  INFO 6392 --- [SpringContextShutdownHook] o.s.s.concurrent.ThreadPoolTaskExecutor  : Shutting down ExecutorService 'applicationTaskExecutor'
2020-03-26 14:32:04.573  INFO 6392 --- [SpringContextShutdownHook] j.LocalContainerEntityManagerFactoryBean : Closing JPA EntityManagerFactory for persistence unit 'default'
2020-03-26 14:32:04.574  INFO 6392 --- [SpringContextShutdownHook] com.zaxxer.hikari.HikariDataSource       : HikariPool-1 - Shutdown initiated...
2020-03-26 14:32:04.577  INFO 6392 --- [SpringContextShutdownHook] com.zaxxer.hikari.HikariDataSource       : HikariPool-1 - Shutdown completed.
